\BOOKMARK [1][-]{section.1}{\376\377\000P\000r\000o\000b\000l\000e\000m\000\040\000F\000o\000r\000m\000u\000l\000a\000t\000i\000o\000n}{}% 1
\BOOKMARK [1][-]{section.2}{\376\377\000I\000n\000t\000r\000o\000d\000u\000c\000t\000i\000o\000n}{}% 2
\BOOKMARK [1][-]{section.3}{\376\377\000A\000r\000c\000h\000i\000t\000e\000c\000t\000u\000r\000e\000\040\000O\000v\000e\000r\000v\000i\000e\000w}{}% 3
\BOOKMARK [1][-]{section.4}{\376\377\000E\000x\000p\000e\000r\000t\000\040\0001\000:\000\040\000U\000t\000i\000l\000i\000t\000y\000-\000F\000o\000c\000u\000s\000e\000d\000\040\000E\000x\000p\000e\000r\000t}{}% 4
\BOOKMARK [2][-]{subsection.4.1}{\376\377\000O\000b\000j\000e\000c\000t\000i\000v\000e}{section.4}% 5
\BOOKMARK [2][-]{subsection.4.2}{\376\377\000A\000r\000c\000h\000i\000t\000e\000c\000t\000u\000r\000e}{section.4}% 6
\BOOKMARK [2][-]{subsection.4.3}{\376\377\000M\000a\000t\000h\000e\000m\000a\000t\000i\000c\000a\000l\000\040\000F\000o\000r\000m\000u\000l\000a\000t\000i\000o\000n}{section.4}% 7
\BOOKMARK [1][-]{section.5}{\376\377\000E\000x\000p\000e\000r\000t\000\040\0002\000:\000\040\000R\000e\000s\000u\000l\000t\000-\000D\000r\000i\000v\000e\000n\000\040\000F\000a\000i\000r\000n\000e\000s\000s\000\040\000E\000x\000p\000e\000r\000t}{}% 8
\BOOKMARK [2][-]{subsection.5.1}{\376\377\000O\000b\000j\000e\000c\000t\000i\000v\000e}{section.5}% 9
\BOOKMARK [2][-]{subsection.5.2}{\376\377\000A\000r\000c\000h\000i\000t\000e\000c\000t\000u\000r\000e}{section.5}% 10
\BOOKMARK [2][-]{subsection.5.3}{\376\377\000M\000a\000t\000h\000e\000m\000a\000t\000i\000c\000a\000l\000\040\000F\000o\000r\000m\000u\000l\000a\000t\000i\000o\000n}{section.5}% 11
\BOOKMARK [3][-]{subsubsection.5.3.1}{\376\377\000R\000e\000p\000r\000e\000s\000e\000n\000t\000a\000t\000i\000o\000n\000\040\000A\000l\000i\000g\000n\000m\000e\000n\000t\000\040\000L\000o\000s\000s}{subsection.5.3}% 12
\BOOKMARK [3][-]{subsubsection.5.3.2}{\376\377\000F\000a\000i\000r\000n\000e\000s\000s\000\040\000L\000o\000s\000s}{subsection.5.3}% 13
\BOOKMARK [1][-]{section.6}{\376\377\000E\000x\000p\000e\000r\000t\000\040\0003\000:\000\040\000P\000r\000o\000c\000e\000d\000u\000r\000a\000l\000\040\000F\000a\000i\000r\000n\000e\000s\000s\000\040\000E\000x\000p\000e\000r\000t}{}% 14
\BOOKMARK [2][-]{subsection.6.1}{\376\377\000O\000b\000j\000e\000c\000t\000i\000v\000e}{section.6}% 15
\BOOKMARK [2][-]{subsection.6.2}{\376\377\000A\000r\000c\000h\000i\000t\000e\000c\000t\000u\000r\000e}{section.6}% 16
\BOOKMARK [2][-]{subsection.6.3}{\376\377\000M\000a\000t\000h\000e\000m\000a\000t\000i\000c\000a\000l\000\040\000F\000o\000r\000m\000u\000l\000a\000t\000i\000o\000n}{section.6}% 17
\BOOKMARK [3][-]{subsubsection.6.3.1}{\376\377\000A\000t\000t\000e\000n\000t\000i\000o\000n\000\040\000F\000a\000i\000r\000n\000e\000s\000s\000\040\000L\000o\000s\000s}{subsection.6.3}% 18
\BOOKMARK [3][-]{subsubsection.6.3.2}{\376\377\000A\000d\000v\000e\000r\000s\000a\000r\000i\000a\000l\000\040\000D\000e\000b\000i\000a\000s\000i\000n\000g\000\040\000L\000o\000s\000s}{subsection.6.3}% 19
\BOOKMARK [3][-]{subsubsection.6.3.3}{\376\377\000G\000r\000a\000d\000i\000e\000n\000t\000\040\000R\000e\000v\000e\000r\000s\000a\000l\000\040\000L\000a\000y\000e\000r}{subsection.6.3}% 20
\BOOKMARK [1][-]{section.7}{\376\377\000I\000m\000p\000l\000e\000m\000e\000n\000t\000a\000t\000i\000o\000n\000\040\000D\000e\000t\000a\000i\000l\000s}{}% 21
\BOOKMARK [2][-]{subsection.7.1}{\376\377\000M\000L\000P\000\040\000B\000a\000c\000k\000b\000o\000n\000e}{section.7}% 22
\BOOKMARK [2][-]{subsection.7.2}{\376\377\000A\000d\000v\000e\000r\000s\000a\000r\000i\000a\000l\000\040\000N\000e\000t\000w\000o\000r\000k\000s}{section.7}% 23
\BOOKMARK [1][-]{section.8}{\376\377\000T\000r\000a\000i\000n\000i\000n\000g\000\040\000a\000n\000d\000\040\000O\000p\000t\000i\000m\000i\000z\000a\000t\000i\000o\000n}{}% 24
\BOOKMARK [1][-]{section.9}{\376\377\000G\000a\000t\000i\000n\000g\000\040\000N\000e\000t\000w\000o\000r\000k\000\040\000A\000r\000c\000h\000i\000t\000e\000c\000t\000u\000r\000e}{}% 25
\BOOKMARK [2][-]{subsection.9.1}{\376\377\000O\000v\000e\000r\000v\000i\000e\000w}{section.9}% 26
\BOOKMARK [2][-]{subsection.9.2}{\376\377\000A\000r\000c\000h\000i\000t\000e\000c\000t\000u\000r\000e}{section.9}% 27
\BOOKMARK [2][-]{subsection.9.3}{\376\377\000S\000t\000a\000t\000e\000\040\000R\000e\000p\000r\000e\000s\000e\000n\000t\000a\000t\000i\000o\000n}{section.9}% 28
\BOOKMARK [2][-]{subsection.9.4}{\376\377\000P\000o\000l\000i\000c\000y\000\040\000F\000o\000r\000m\000u\000l\000a\000t\000i\000o\000n}{section.9}% 29
\BOOKMARK [2][-]{subsection.9.5}{\376\377\000A\000c\000t\000i\000o\000n\000\040\000S\000a\000m\000p\000l\000i\000n\000g}{section.9}% 30
\BOOKMARK [2][-]{subsection.9.6}{\376\377\000M\000i\000x\000t\000u\000r\000e\000\040\000O\000u\000t\000p\000u\000t}{section.9}% 31
\BOOKMARK [2][-]{subsection.9.7}{\376\377\000E\000x\000p\000e\000r\000t\000\040\000R\000o\000u\000t\000i\000n\000g}{section.9}% 32
\BOOKMARK [1][-]{section.10}{\376\377\000T\000r\000a\000i\000n\000i\000n\000g\000\040\000A\000l\000g\000o\000r\000i\000t\000h\000m}{}% 33
\BOOKMARK [2][-]{subsection.10.1}{\376\377\000T\000w\000o\000-\000P\000h\000a\000s\000e\000\040\000T\000r\000a\000i\000n\000i\000n\000g}{section.10}% 34
\BOOKMARK [3][-]{subsubsection.10.1.1}{\376\377\000P\000h\000a\000s\000e\000\040\0001\000:\000\040\000E\000x\000p\000e\000r\000t\000\040\000P\000r\000e\000t\000r\000a\000i\000n\000i\000n\000g}{subsection.10.1}% 35
\BOOKMARK [3][-]{subsubsection.10.1.2}{\376\377\000P\000h\000a\000s\000e\000\040\0002\000:\000\040\000G\000a\000t\000e\000\040\000T\000r\000a\000i\000n\000i\000n\000g}{subsection.10.1}% 36
\BOOKMARK [2][-]{subsection.10.2}{\376\377\000R\000E\000I\000N\000F\000O\000R\000C\000E\000\040\000A\000l\000g\000o\000r\000i\000t\000h\000m}{section.10}% 37
\BOOKMARK [3][-]{subsubsection.10.2.1}{\376\377\000R\000e\000w\000a\000r\000d\000\040\000F\000o\000r\000m\000u\000l\000a\000t\000i\000o\000n}{subsection.10.2}% 38
\BOOKMARK [3][-]{subsubsection.10.2.2}{\376\377\000B\000a\000s\000e\000l\000i\000n\000e\000\040\000a\000n\000d\000\040\000A\000d\000v\000a\000n\000t\000a\000g\000e}{subsection.10.2}% 39
\BOOKMARK [3][-]{subsubsection.10.2.3}{\376\377\000P\000o\000l\000i\000c\000y\000\040\000L\000o\000s\000s}{subsection.10.2}% 40
\BOOKMARK [3][-]{subsubsection.10.2.4}{\376\377\000E\000n\000t\000r\000o\000p\000y\000\040\000R\000e\000g\000u\000l\000a\000r\000i\000z\000a\000t\000i\000o\000n}{subsection.10.2}% 41
\BOOKMARK [2][-]{subsection.10.3}{\376\377\000L\000o\000a\000d\000\040\000B\000a\000l\000a\000n\000c\000i\000n\000g}{section.10}% 42
\BOOKMARK [2][-]{subsection.10.4}{\376\377\000E\000x\000p\000e\000r\000t\000\040\000F\000i\000n\000e\000-\000t\000u\000n\000i\000n\000g}{section.10}% 43
\BOOKMARK [1][-]{section.11}{\376\377\000E\000v\000a\000l\000u\000a\000t\000i\000o\000n\000\040\000M\000e\000t\000r\000i\000c\000s}{}% 44
\BOOKMARK [2][-]{subsection.11.1}{\376\377\000U\000t\000i\000l\000i\000t\000y\000\040\000M\000e\000t\000r\000i\000c\000s}{section.11}% 45
\BOOKMARK [2][-]{subsection.11.2}{\376\377\000R\000e\000s\000u\000l\000t\000\040\000F\000a\000i\000r\000n\000e\000s\000s\000\040\000M\000e\000t\000r\000i\000c\000s}{section.11}% 46
\BOOKMARK [2][-]{subsection.11.3}{\376\377\000P\000r\000o\000c\000e\000d\000u\000r\000a\000l\000\040\000F\000a\000i\000r\000n\000e\000s\000s\000\040\000M\000e\000t\000r\000i\000c\000s}{section.11}% 47
\BOOKMARK [2][-]{subsection.11.4}{\376\377\000F\000i\000n\000a\000l\000\040\000S\000c\000o\000r\000e}{section.11}% 48
\BOOKMARK [1][-]{section.12}{\376\377\000I\000m\000p\000l\000e\000m\000e\000n\000t\000a\000t\000i\000o\000n\000\040\000D\000e\000t\000a\000i\000l\000s}{}% 49
\BOOKMARK [2][-]{subsection.12.1}{\376\377\000C\000a\000c\000h\000i\000n\000g\000\040\000S\000y\000s\000t\000e\000m}{section.12}% 50
\BOOKMARK [2][-]{subsection.12.2}{\376\377\000O\000p\000t\000i\000m\000i\000z\000a\000t\000i\000o\000n}{section.12}% 51
\BOOKMARK [2][-]{subsection.12.3}{\376\377\000T\000r\000a\000i\000n\000i\000n\000g\000\040\000H\000y\000p\000e\000r\000p\000a\000r\000a\000m\000e\000t\000e\000r\000s}{section.12}% 52
\BOOKMARK [1][-]{section.13}{\376\377\000C\000o\000n\000c\000l\000u\000s\000i\000o\000n}{}% 53
